<?xml version="1.0" encoding="UTF-8"?>
<testng-results ignored="0" total="2" passed="2" failed="0" skipped="0">
  <reporter-output>
  </reporter-output>
  <suite started-at="2022-04-21T11:56:14 IST" name="Suite" finished-at="2022-04-21T11:56:48 IST" duration-ms="33907">
    <groups>
    </groups>
    <test started-at="2022-04-21T11:56:14 IST" name="Test" finished-at="2022-04-21T11:56:48 IST" duration-ms="33907">
      <class name="testpackage.TestVPN_top10domain2">
        <test-method is-config="true" signature="setup()[pri:0, instance:testpackage.TestVPN_top10domain2@46b61c56]" started-at="2022-04-21T11:56:02 IST" name="setup" finished-at="2022-04-21T11:56:07 IST" duration-ms="4950" status="PASS">
          <reporter-output>
          </reporter-output>
        </test-method> <!-- setup -->
        <test-method signature="vpnInit()[pri:0, instance:testpackage.TestVPN_top10domain2@46b61c56]" started-at="2022-04-21T11:56:14 IST" name="vpnInit" finished-at="2022-04-21T11:56:48 IST" duration-ms="33367" status="PASS">
          <reporter-output>
          </reporter-output>
        </test-method> <!-- vpnInit -->
        <test-method is-config="true" signature="teardown()[pri:0, instance:testpackage.TestVPN_top10domain2@46b61c56]" started-at="2022-04-21T11:56:49 IST" name="teardown" finished-at="2022-04-21T11:56:50 IST" duration-ms="1229" status="PASS">
          <reporter-output>
          </reporter-output>
        </test-method> <!-- teardown -->
      </class> <!-- testpackage.TestVPN_top10domain2 -->
      <class name="testpackage.VPN_top10domainTest">
        <test-method is-config="true" signature="setup()[pri:0, instance:testpackage.VPN_top10domainTest@1b75c2e3]" started-at="2022-04-21T11:56:07 IST" name="setup" finished-at="2022-04-21T11:56:14 IST" duration-ms="6858" status="PASS">
          <reporter-output>
          </reporter-output>
        </test-method> <!-- setup -->
        <test-method signature="vpnInit()[pri:0, instance:testpackage.VPN_top10domainTest@1b75c2e3]" started-at="2022-04-21T11:56:14 IST" name="vpnInit" finished-at="2022-04-21T11:56:48 IST" duration-ms="33847" status="PASS">
          <reporter-output>
          </reporter-output>
        </test-method> <!-- vpnInit -->
        <test-method is-config="true" signature="teardown()[pri:0, instance:testpackage.VPN_top10domainTest@1b75c2e3]" started-at="2022-04-21T11:56:50 IST" name="teardown" finished-at="2022-04-21T11:56:51 IST" duration-ms="974" status="PASS">
          <reporter-output>
          </reporter-output>
        </test-method> <!-- teardown -->
      </class> <!-- testpackage.VPN_top10domainTest -->
    </test> <!-- Test -->
  </suite> <!-- Suite -->
</testng-results>
