<?xml version="1.0" encoding="UTF-8"?>
<testng-results skipped="0" failed="0" ignored="0" total="1" passed="1">
  <reporter-output>
  </reporter-output>
  <suite name="Surefire suite" duration-ms="35036" started-at="2022-04-21T16:39:41 IST" finished-at="2022-04-21T16:40:16 IST">
    <groups>
    </groups>
    <test name="Surefire test" duration-ms="35036" started-at="2022-04-21T16:39:41 IST" finished-at="2022-04-21T16:40:16 IST">
      <class name="testpackage.TestVPN_top10domain2">
        <test-method status="PASS" signature="setup()[pri:0, instance:testpackage.TestVPN_top10domain2@536aaa8d]" name="setup" is-config="true" duration-ms="2582" started-at="2022-04-21T16:39:38 IST" finished-at="2022-04-21T16:39:41 IST">
          <reporter-output>
          </reporter-output>
        </test-method> <!-- setup -->
        <test-method status="PASS" signature="vpnInit()[pri:0, instance:testpackage.TestVPN_top10domain2@536aaa8d]" name="vpnInit" duration-ms="35016" started-at="2022-04-21T16:39:41 IST" finished-at="2022-04-21T16:40:16 IST">
          <reporter-output>
          </reporter-output>
        </test-method> <!-- vpnInit -->
        <test-method status="PASS" signature="teardown()[pri:0, instance:testpackage.TestVPN_top10domain2@536aaa8d]" name="teardown" is-config="true" duration-ms="134" started-at="2022-04-21T16:40:16 IST" finished-at="2022-04-21T16:40:16 IST">
          <reporter-output>
          </reporter-output>
        </test-method> <!-- teardown -->
      </class> <!-- testpackage.TestVPN_top10domain2 -->
    </test> <!-- Surefire test -->
  </suite> <!-- Surefire suite -->
</testng-results>
